Using pre-set license
Built from '2020.3/staging' branch; Version is '2020.3.6f1 (338bb68529b2) revision 3378102'; Using compiler version '192528614'; Build Type 'Release'
OS: 'Windows 10 Pro; OS build 19042.1165; Version 2009; 64bit' Language: 'ko' Physical Memory: 32600 MB
BatchMode: 1, IsHumanControllingUs: 0, StartBugReporterOnCrash: 0, Is64bit: 1, IsPro: 0

 COMMAND LINE ARGUMENTS:
C:\Program Files\Unity\Hub\Editor\2020.3.6f1\Editor\Unity.exe
-adb2
-batchMode
-noUpm
-name
AssetImportWorker0
-projectPath
E:/00.GIT/VPSSDKUnity-main-20210824
-logFile
Logs/AssetImportWorker0.log
-srvPort
54539
Successfully changed project path to: E:/00.GIT/VPSSDKUnity-main-20210824
E:/00.GIT/VPSSDKUnity-main-20210824
Using Asset Import Pipeline V2.
Refreshing native plugins compatible for Editor in 26.68 ms, found 3 plugins.
Preloading 0 native plugins for Editor in 0.00 ms.
Initialize engine version: 2020.3.6f1 (338bb68529b2)
[Subsystems] Discovering subsystems at path C:/Program Files/Unity/Hub/Editor/2020.3.6f1/Editor/Data/Resources/UnitySubsystems
[Subsystems] Discovering subsystems at path E:/00.GIT/VPSSDKUnity-main-20210824/Assets
GfxDevice: creating device client; threaded=0
Direct3D:
    Version:  Direct3D 11.0 [level 11.1]
    Renderer: NVIDIA GeForce RTX 2060 (ID=0x1f15)
    Vendor:   
    VRAM:     5980 MB
    Driver:   27.21.14.6242
Initialize mono
Mono path[0] = 'C:/Program Files/Unity/Hub/Editor/2020.3.6f1/Editor/Data/Managed'
Mono path[1] = 'C:/Program Files/Unity/Hub/Editor/2020.3.6f1/Editor/Data/MonoBleedingEdge/lib/mono/unityjit'
Mono config path = 'C:/Program Files/Unity/Hub/Editor/2020.3.6f1/Editor/Data/MonoBleedingEdge/etc'
Using monoOptions --debugger-agent=transport=dt_socket,embedding=1,server=y,suspend=n,address=127.0.0.1:56840
Begin MonoManager ReloadAssembly
Registering precompiled unity dll's ...
Register platform support module: C:/Program Files/Unity/Hub/Editor/2020.3.6f1/Editor/Data/PlaybackEngines/WindowsStandaloneSupport/UnityEditor.WindowsStandalone.Extensions.dll
Registered in 0.002156 seconds.
Native extension for WindowsStandalone target not found
Refreshing native plugins compatible for Editor in 23.77 ms, found 3 plugins.
Preloading 0 native plugins for Editor in 0.00 ms.
Mono: successfully reloaded assembly
- Completed reload, in  1.636 seconds
Platform modules already initialized, skipping
Registering precompiled user dll's ...
Registered in 0.001544 seconds.
Begin MonoManager ReloadAssembly
OnLevelWasLoaded was found on AdaptingEventSystemDragThreshold
This message has been deprecated and will be removed in a later version of Unity.
Add a delegate to SceneManager.sceneLoaded instead to get notifications after scene loading has completed

Native extension for WindowsStandalone target not found
Refreshing native plugins compatible for Editor in 0.36 ms, found 3 plugins.
Preloading 0 native plugins for Editor in 0.00 ms.
Mono: successfully reloaded assembly
- Completed reload, in  0.838 seconds
Platform modules already initialized, skipping
========================================================================
Worker process is ready to serve import requests
Launched and connected shader compiler UnityShaderCompiler.exe after 0.04 seconds
Refreshing native plugins compatible for Editor in 0.38 ms, found 3 plugins.
Preloading 0 native plugins for Editor in 0.00 ms.
Unloading 1520 Unused Serialized files (Serialized files now loaded: 0)
System memory in use before: 72.2 MB.
System memory in use after: 72.3 MB.

Unloading 19 unused Assets to reduce memory usage. Loaded Objects now: 1959.
Total: 3.587000 ms (FindLiveObjects: 0.606400 ms CreateObjectMapping: 0.313200 ms MarkObjects: 2.601400 ms  DeleteObjects: 0.063400 ms)

========================================================================
Received Import Request.
  path: Assets/MaxstAR/Contents/coex_indoor_b1
  artifactKey: Guid(aa5d6c55913ef9d4f819871540812d4c) Importer(815301076,1909f56bfc062723c751e8b465ee728b)
Start importing Assets/MaxstAR/Contents/coex_indoor_b1 using Guid(aa5d6c55913ef9d4f819871540812d4c) Importer(815301076,1909f56bfc062723c751e8b465ee728b)  -> (artifact id: 'd2995e5ce71b8cac93c54e0083663c98') in 0.006749 seconds
  Import took 0.009698 seconds .

========================================================================
Received Import Request.
  Time since last request: 10.116801 seconds.
  path: Assets/MaxstAR/Contents/coex
  artifactKey: Guid(761581eeb2da6944eb8b0385f5a3bd19) Importer(815301076,1909f56bfc062723c751e8b465ee728b)
Start importing Assets/MaxstAR/Contents/coex using Guid(761581eeb2da6944eb8b0385f5a3bd19) Importer(815301076,1909f56bfc062723c751e8b465ee728b)  -> (artifact id: 'f5c9de35dd1b658b9b97e831471adb50') in 0.006084 seconds
  Import took 0.011150 seconds .

========================================================================
Received Import Request.
  Time since last request: 46.415401 seconds.
  path: Assets/MaxstAR/Contents/coex/COEX_B1.fbx
  artifactKey: Guid(749bd064dc71b4664b9c2b35c048aff1) Importer(815301076,1909f56bfc062723c751e8b465ee728b)
Start importing Assets/MaxstAR/Contents/coex/COEX_B1.fbx using Guid(749bd064dc71b4664b9c2b35c048aff1) Importer(815301076,1909f56bfc062723c751e8b465ee728b)  -> (artifact id: '230dca0eb9f76326f4754dfba3a9b256') in 0.168360 seconds
  Import took 0.171820 seconds .

========================================================================
Received Import Request.
  Time since last request: 0.000277 seconds.
  path: Assets/MaxstAR/Contents/coex/COEX_B2.fbx
  artifactKey: Guid(78db977ca28a94ba38895289a70a4429) Importer(815301076,1909f56bfc062723c751e8b465ee728b)
Start importing Assets/MaxstAR/Contents/coex/COEX_B2.fbx using Guid(78db977ca28a94ba38895289a70a4429) Importer(815301076,1909f56bfc062723c751e8b465ee728b)  -> (artifact id: '5378faa20f980d97dd2f1d9bc2145db5') in 0.024580 seconds
  Import took 0.026868 seconds .

========================================================================
Received Import Request.
  Time since last request: 0.000208 seconds.
  path: Assets/MaxstAR/Contents/coex/COEX_B1.prefab
  artifactKey: Guid(99cde26e95f814cf0901aec724ce5ed7) Importer(815301076,1909f56bfc062723c751e8b465ee728b)
Start importing Assets/MaxstAR/Contents/coex/COEX_B1.prefab using Guid(99cde26e95f814cf0901aec724ce5ed7) Importer(815301076,1909f56bfc062723c751e8b465ee728b)  -> (artifact id: '4d8478114ffeac32242f8a8265de3a51') in 0.035900 seconds
  Import took 0.039512 seconds .

========================================================================
Received Import Request.
  Time since last request: 0.000168 seconds.
  path: Assets/MaxstAR/Contents/coex/COEX_B2.prefab
  artifactKey: Guid(1c8f7c27638d7410b958cbc903ee9bd4) Importer(815301076,1909f56bfc062723c751e8b465ee728b)
Start importing Assets/MaxstAR/Contents/coex/COEX_B2.prefab using Guid(1c8f7c27638d7410b958cbc903ee9bd4) Importer(815301076,1909f56bfc062723c751e8b465ee728b)  -> (artifact id: '11f0ff9a4455610011fb0c397308e376') in 0.010436 seconds
  Import took 0.013168 seconds .

========================================================================
Received Prepare
Registering precompiled user dll's ...
Registered in 0.001414 seconds.
Begin MonoManager ReloadAssembly
Native extension for WindowsStandalone target not found
Refreshing native plugins compatible for Editor in 0.31 ms, found 3 plugins.
Preloading 0 native plugins for Editor in 0.00 ms.
Mono: successfully reloaded assembly
- Completed reload, in  0.746 seconds
Platform modules already initialized, skipping
OnLevelWasLoaded was found on AdaptingEventSystemDragThreshold
This message has been deprecated and will be removed in a later version of Unity.
Add a delegate to SceneManager.sceneLoaded instead to get notifications after scene loading has completed

Switching build target platform(5) subTarget(0) extendedPlatform(0) -> platform(13) subTarget(524288) extendedPlatform(0)
Refreshing native plugins compatible for Editor in 0.32 ms, found 3 plugins.
Preloading 0 native plugins for Editor in 0.00 ms.
Unloading 1498 Unused Serialized files (Serialized files now loaded: 0)
System memory in use before: 73.5 MB.
System memory in use after: 73.6 MB.

Unloading 15 unused Assets to reduce memory usage. Loaded Objects now: 2006.
Total: 1.665000 ms (FindLiveObjects: 0.225000 ms CreateObjectMapping: 0.051600 ms MarkObjects: 1.356800 ms  DeleteObjects: 0.030600 ms)

AssetImportParameters requested are different than current active one (requested -> active):
  custom:graphics/normal-map-encoding: 01000000000000000000000000000000 -> 02000000000000000000000000000000
========================================================================
Received Prepare
Registering precompiled user dll's ...
Registered in 0.001348 seconds.
Begin MonoManager ReloadAssembly
Native extension for WindowsStandalone target not found
Refreshing native plugins compatible for Editor in 0.30 ms, found 3 plugins.
Preloading 0 native plugins for Editor in 0.00 ms.
Mono: successfully reloaded assembly
- Completed reload, in  0.700 seconds
Platform modules already initialized, skipping
OnLevelWasLoaded was found on AdaptingEventSystemDragThreshold
This message has been deprecated and will be removed in a later version of Unity.
Add a delegate to SceneManager.sceneLoaded instead to get notifications after scene loading has completed

Switching build target platform(5) subTarget(0) extendedPlatform(0) -> platform(13) subTarget(524288) extendedPlatform(0)
Refreshing native plugins compatible for Editor in 0.33 ms, found 3 plugins.
Preloading 0 native plugins for Editor in 0.00 ms.
Unloading 1498 Unused Serialized files (Serialized files now loaded: 0)
System memory in use before: 73.5 MB.
System memory in use after: 73.6 MB.

Unloading 14 unused Assets to reduce memory usage. Loaded Objects now: 2010.
Total: 1.595200 ms (FindLiveObjects: 0.179600 ms CreateObjectMapping: 0.104800 ms MarkObjects: 1.286000 ms  DeleteObjects: 0.024000 ms)

AssetImportParameters requested are different than current active one (requested -> active):
  custom:graphics/normal-map-encoding: 01000000000000000000000000000000 -> 02000000000000000000000000000000
AssetImportWorkerClient::OnTransportError - code=2 error=End of file
